app/build/outputs/mapping/release/seeds.txt
com.analogvault.data.network.CloudData
com.analogvault.data.backup.BackupManager
com.analogvault.data.backup.BackupManager_Factory
com.analogvault.data.model.DevLogConverter
com.analogvault.data.backup.BackupManager$importLegacyJson$1
com.analogvault.data.network.SysData
com.analogvault.data.model.ZoomLevel
com.analogvault.data.backup.BackupManagerKt
com.analogvault.data.backup.BackupManager$importZip$1
com.analogvault.data.backup.BackupResult$Success
com.analogvault.data.model.ScanLogConverter
com.analogvault.data.backup.BackupResult
com.analogvault.data.model.FilmStock
com.analogvault.data.model.ShotListConverter$toList$1
com.analogvault.data.backup.VaultBackup
com.analogvault.data.db.AppDatabase_Impl
com.analogvault.MainActivity
com.analogvault.data.backup.BackupManager$export$1
com.analogvault.MainActivity_GeneratedInjector
com.analogvault.data.model.Camera
com.analogvault.data.model.Shot
com.analogvault.data.model.Roll
com.analogvault.data.model.ShotListConverter
com.analogvault.data.backup.BackupManager$import$1
com.analogvault.data.model.DevLog
com.analogvault.data.network.WindData
com.analogvault.data.model.Accessory
com.analogvault.data.network.MainData
com.analogvault.data.db.AppDatabase
com.analogvault.AnalogVaultApp
com.analogvault.data.backup.BackupResult$Error
com.analogvault.data.model.Lens
com.analogvault.data.network.WeatherApi$DefaultImpls
com.analogvault.data.model.ScanLog
com.analogvault.data.model.Setting
com.analogvault.data.network.WeatherApi
com.analogvault.data.network.WeatherResponse
com.analogvault.data.model.BulkRoll
com.analogvault.data.model.StringListConverter
com.analogvault.data.model.StringListConverter$toList$1
com.analogvault.data.model.Chemical
com.analogvault.AnalogVaultApp_GeneratedInjector
com.analogvault.data.backup.BackupManager$restoreData$1
com.analogvault.data.network.WeatherDesc
com.analogvault.data.model.BulkRoll: int usedFrames
com.analogvault.data.backup.VaultBackup: int version
com.analogvault.data.backup.VaultBackup: int $stable
com.analogvault.data.backup.BackupManager$importZip$1: java.lang.Object L$1
com.analogvault.data.backup.BackupManager$export$1: java.lang.Object L$9
com.analogvault.data.model.Roll: int totalShots
com.analogvault.data.backup.BackupManager$importLegacyJson$1: int label
com.analogvault.data.model.FilmStock: java.lang.String brand
com.analogvault.data.model.Roll: java.util.List shots
com.analogvault.data.network.MainData: double feels_like
com.analogvault.data.backup.VaultBackup: java.lang.String exportedAt
com.analogvault.data.network.SysData: java.lang.String country
com.analogvault.data.model.Chemical: java.lang.String dilution
com.analogvault.data.model.DevLog: java.lang.String notes
com.analogvault.data.model.Chemical: java.lang.String name
com.analogvault.data.backup.BackupManager_Factory: javax.inject.Provider repoProvider
com.analogvault.data.model.Shot: java.lang.String weather
com.analogvault.data.backup.VaultBackup: java.util.List zoomLevels
com.analogvault.data.backup.VaultBackup: java.util.List chemicals
com.analogvault.data.backup.BackupManager$export$1: java.lang.Object L$8
com.analogvault.data.model.StringListConverter: int $stable
com.analogvault.data.model.Accessory: java.lang.String notes
com.analogvault.data.model.Roll: com.analogvault.data.model.ScanLog scanLog
com.analogvault.data.model.FilmStock: int $stable
com.analogvault.data.model.Shot: java.lang.String lens
com.analogvault.data.model.Shot: java.lang.String shutter
com.analogvault.data.backup.BackupManager$importLegacyJson$1: com.analogvault.data.backup.BackupManager this$0
com.analogvault.data.network.WindData: int $stable
com.analogvault.data.network.WeatherResponse: com.analogvault.data.network.CloudData clouds
com.analogvault.data.model.FilmStock: int frameCount
com.analogvault.data.model.Chemical: java.lang.String notes
com.analogvault.data.model.Camera: java.lang.String mfFormat
com.analogvault.data.model.Camera: java.lang.String lensSystem
...
androidx.activity.result.IntentSenderRequest: android.os.Parcelable$Creator CREATOR
kotlinx.coroutines.JobSupport$Finishing: java.lang.Object _rootCause$volatile
androidx.compose.runtime.ParcelableSnapshotMutableIntState: android.os.Parcelable$Creator CREATOR
kotlinx.coroutines.internal.LockFreeTaskQueueCore: long _state$volatile
kotlinx.coroutines.internal.ConcurrentLinkedListNode: java.lang.Object _prev$volatile
kotlinx.coroutines.JobSupport: java.lang.Object _state$volatile
com.google.android.gms.common.internal.MethodInvocation: android.os.Parcelable$Creator CREATOR
com.google.android.gms.internal.location.zzeg: android.os.Parcelable$Creator CREATOR
com.google.android.gms.signin.internal.zai: android.os.Parcelable$Creator CREATOR
androidx.customview.view.AbsSavedState: android.os.Parcelable$Creator CREATOR
com.google.android.gms.internal.location.zzei: android.os.Parcelable$Creator CREATOR
androidx.lifecycle.ReportFragment$LifecycleCallbacks: androidx.lifecycle.ReportFragment$LifecycleCallbacks$Companion Companion
kotlinx.coroutines.channels.BufferedChannel: java.lang.Object sendSegment$volatile
com.google.android.gms.dynamite.DynamiteModule$DynamiteLoaderClassLoader: java.lang.ClassLoader sClassLoader
kotlinx.coroutines.internal.LockFreeLinkedListNode: java.lang.Object _removedRef$volatile
kotlin.coroutines.jvm.internal.ContinuationImpl: kotlin.coroutines.CoroutineContext _context
com.google.android.gms.common.internal.zzk: android.os.Parcelable$Creator CREATOR
kotlinx.coroutines.EventLoopImplBase$DelayedTask: java.lang.Object _heap
kotlinx.coroutines.flow.StateFlowImpl: java.lang.Object _state$volatile
kotlinx.coroutines.internal.Segment: int cleanedAndPointers$volatile
kotlinx.coroutines.sync.SemaphoreImpl: long enqIdx$volatile
kotlinx.coroutines.sync.SemaphoreImpl: long deqIdx$volatile
androidx.lifecycle.Lifecycle$Event: androidx.lifecycle.Lifecycle$Event ON_STOP
kotlinx.coroutines.CancellableContinuationImpl: java.lang.Object _parentHandle$volatile
com.google.android.gms.common.internal.GetServiceRequest: android.os.Parcelable$Creator CREATOR
com.google.android.gms.common.internal.TelemetryData: android.os.Parcelable$Creator CREATOR
com.google.gson.reflect.TypeToken: int hashCode
com.google.android.gms.signin.internal.zag: android.os.Parcelable$Creator CREATOR
com.google.android.gms.common.internal.ConnectionTelemetryConfiguration: android.os.Parcelable$Creator CREATOR
com.google.android.gms.internal.location.zzee: android.os.Parcelable$Creator CREATOR
kotlinx.coroutines.sync.SemaphoreImpl: java.lang.Object tail$volatile
kotlinx.coroutines.JobSupport$Finishing: java.lang.Object _exceptionsHolder$volatile
kotlinx.coroutines.JobSupport: java.lang.Object _parentHandle$volatile
kotlinx.coroutines.scheduling.CoroutineScheduler$Worker: int workerCtl$volatile
androidx.versionedparcelable.ParcelImpl: android.os.Parcelable$Creator CREATOR
com.google.android.gms.signin.internal.zaa: android.os.Parcelable$Creator CREATOR
com.google.android.gms.location.zzal: android.os.Parcelable$Creator CREATOR
kotlinx.coroutines.DefaultExecutor: java.lang.Thread _thread
kotlinx.coroutines.android.HandlerDispatcherKt: android.view.Choreographer choreographer
androidx.lifecycle.Lifecycle$Event: androidx.lifecycle.Lifecycle$Event$Companion Companion
kotlinx.coroutines.channels.BufferedChannel: long completedExpandBuffersAndPauseFlag$volatile
kotlinx.coroutines.internal.LimitedDispatcher: int runningWorkers$volatile
kotlinx.coroutines.internal.LockFreeTaskQueue: java.lang.Object _cur$volatile
kotlinx.coroutines.scheduling.WorkQueue: int blockingTasksInBuffer$volatile
androidx.compose.runtime.ParcelableSnapshotMutableState: android.os.Parcelable$Creator CREATOR
kotlinx.coroutines.internal.LockFreeLinkedListNode: java.lang.Object _next$volatile
com.google.android.gms.location.CurrentLocationRequest: android.os.Parcelable$Creator CREATOR
com.google.android.gms.common.internal.zav: android.os.Parcelable$Creator CREATOR