app/build/outputs/mapping/release/usage.txt
com.analogvault.AnalogVaultApp:
    public static final int $stable
com.analogvault.AnalogVaultApp_ComponentTreeDeps
com.analogvault.AnalogVaultApp_HiltComponents$ActivityC$Builder
com.analogvault.AnalogVaultApp_HiltComponents$ActivityCBuilderModule
com.analogvault.AnalogVaultApp_HiltComponents$ActivityRetainedC$Builder
com.analogvault.AnalogVaultApp_HiltComponents$ActivityRetainedCBuilderModule
com.analogvault.AnalogVaultApp_HiltComponents$FragmentC$Builder
com.analogvault.AnalogVaultApp_HiltComponents$FragmentC
com.analogvault.AnalogVaultApp_HiltComponents$FragmentCBuilderModule
com.analogvault.AnalogVaultApp_HiltComponents$ServiceC$Builder
com.analogvault.AnalogVaultApp_HiltComponents$ServiceC
com.analogvault.AnalogVaultApp_HiltComponents$ServiceCBuilderModule
com.analogvault.AnalogVaultApp_HiltComponents$ViewC$Builder
com.analogvault.AnalogVaultApp_HiltComponents$ViewC
com.analogvault.AnalogVaultApp_HiltComponents$ViewCBuilderModule
com.analogvault.AnalogVaultApp_HiltComponents$ViewModelC$Builder
com.analogvault.AnalogVaultApp_HiltComponents$ViewModelCBuilderModule
com.analogvault.AnalogVaultApp_HiltComponents$ViewWithFragmentC$Builder
com.analogvault.AnalogVaultApp_HiltComponents$ViewWithFragmentC
com.analogvault.AnalogVaultApp_HiltComponents$ViewWithFragmentCBuilderModule
com.analogvault.AnalogVaultApp_HiltComponents
com.analogvault.AppModule:
    public static final int $stable
com.analogvault.AppModule_ProvideAccessoryDaoFactory:
    private final javax.inject.Provider dbProvider
    public void <init>(javax.inject.Provider)
    public static com.analogvault.AppModule_ProvideAccessoryDaoFactory create(javax.inject.Provider)
    public com.analogvault.data.db.AccessoryDao get()
    public synthetic bridge java.lang.Object get()
com.analogvault.AppModule_ProvideBulkRollDaoFactory:
    private final javax.inject.Provider dbProvider
    public void <init>(javax.inject.Provider)
    public static com.analogvault.AppModule_ProvideBulkRollDaoFactory create(javax.inject.Provider)
    public com.analogvault.data.db.BulkRollDao get()
    public synthetic bridge java.lang.Object get()
com.analogvault.AppModule_ProvideCameraDaoFactory:
    private final javax.inject.Provider dbProvider
    public void <init>(javax.inject.Provider)
    public static com.analogvault.AppModule_ProvideCameraDaoFactory create(javax.inject.Provider)
    public com.analogvault.data.db.CameraDao get()
    public synthetic bridge java.lang.Object get()
com.analogvault.AppModule_ProvideChemicalDaoFactory:
    private final javax.inject.Provider dbProvider
    public void <init>(javax.inject.Provider)
    public static com.analogvault.AppModule_ProvideChemicalDaoFactory create(javax.inject.Provider)
    public com.analogvault.data.db.ChemicalDao get()
    public synthetic bridge java.lang.Object get()
com.analogvault.AppModule_ProvideDatabaseFactory:
    private final javax.inject.Provider ctxProvider
    public void <init>(javax.inject.Provider)
    public static com.analogvault.AppModule_ProvideDatabaseFactory create(javax.inject.Provider)
    public com.analogvault.data.db.AppDatabase get()
    public synthetic bridge java.lang.Object get()
com.analogvault.AppModule_ProvideFilmDaoFactory:
    private final javax.inject.Provider dbProvider
    public void <init>(javax.inject.Provider)
    public static com.analogvault.AppModule_ProvideFilmDaoFactory create(javax.inject.Provider)
    public com.analogvault.data.db.FilmDao get()
    public synthetic bridge java.lang.Object get()
com.analogvault.AppModule_ProvideLensDaoFactory:
    private final javax.inject.Provider dbProvider
    public void <init>(javax.inject.Provider)
    public static com.analogvault.AppModule_ProvideLensDaoFactory create(javax.inject.Provider)
    public com.analogvault.data.db.LensDao get()
    public synthetic bridge java.lang.Object get()
com.analogvault.AppModule_ProvideOkHttpFactory$InstanceHolder
...
androidx.compose.material.icons.outlined.BrightnessMediumKt
androidx.compose.material.icons.outlined.BroadcastOnHomeKt
androidx.compose.material.icons.outlined.BroadcastOnPersonalKt
androidx.compose.material.icons.outlined.BrokenImageKt
androidx.compose.material.icons.outlined.BrowseGalleryKt
androidx.compose.material.icons.outlined.BrowserNotSupportedKt
androidx.compose.material.icons.outlined.BrowserUpdatedKt
androidx.compose.material.icons.outlined.BrunchDiningKt
androidx.compose.material.icons.outlined.BrushKt
androidx.compose.material.icons.outlined.BubbleChartKt
androidx.compose.material.icons.outlined.BugReportKt
androidx.compose.material.icons.outlined.BuildCircleKt
androidx.compose.material.icons.outlined.BuildKt
androidx.compose.material.icons.outlined.BungalowKt
androidx.compose.material.icons.outlined.BurstModeKt
androidx.compose.material.icons.outlined.BusAlertKt
androidx.compose.material.icons.outlined.BusinessCenterKt
androidx.compose.material.icons.outlined.BusinessKt
androidx.compose.material.icons.outlined.CabinKt
androidx.compose.material.icons.outlined.CableKt
androidx.compose.material.icons.outlined.CachedKt
androidx.compose.material.icons.outlined.CakeKt
androidx.compose.material.icons.outlined.CalculateKt
androidx.compose.material.icons.outlined.CalendarMonthKt
androidx.compose.material.icons.outlined.CalendarTodayKt
androidx.compose.material.icons.outlined.CalendarViewDayKt
androidx.compose.material.icons.outlined.CalendarViewMonthKt
androidx.compose.material.icons.outlined.CalendarViewWeekKt
androidx.compose.material.icons.outlined.CallEndKt
androidx.compose.material.icons.outlined.CallKt
androidx.compose.material.icons.outlined.CallMadeKt
androidx.compose.material.icons.outlined.CallMergeKt
androidx.compose.material.icons.outlined.CallMissedKt
androidx.compose.material.icons.outlined.CallMissedOutgoingKt
androidx.compose.material.icons.outlined.CallReceivedKt
androidx.compose.material.icons.outlined.CallSplitKt
androidx.compose.material.icons.outlined.CallToActionKt
androidx.compose.material.icons.outlined.CameraAltKt
androidx.compose.material.icons.outlined.CameraEnhanceKt
androidx.compose.material.icons.outlined.CameraFrontKt
androidx.compose.material.icons.outlined.CameraIndoorKt
androidx.compose.material.icons.outlined.CameraKt
androidx.compose.material.icons.outlined.CameraOutdoorKt
androidx.compose.material.icons.outlined.CameraRearKt
androidx.compose.material.icons.outlined.CameraRollKt
androidx.compose.material.icons.outlined.CameraswitchKt
androidx.compose.material.icons.outlined.CampaignKt
androidx.compose.material.icons.outlined.CancelKt
androidx.compose.material.icons.outlined.CancelPresentationKt
androidx.compose.material.icons.outlined.CancelScheduleSendKt
androidx.compose.material.icons.outlined.CandlestickChartKt
androidx.compose.material.icons.outlined.CarCrashKt
androidx.compose.material.icons.outlined.CarRentalKt
androidx.compose.material.icons.outlined.CarRepairKt
androidx.compose.material.icons.outlined.CardGiftcardKt
androidx.compose.material.icons.outlined.CardMembershipKt
androidx.compose.material.icons.outlined.CardTravelKt
androidx.compose.material.icons.outlined.CarpenterKt
androidx.compose.material.icons.outlined.CasesKt
androidx.compose.material.icons.outlined.CasinoKt
androidx.compose.material.icons.outlined.CastConnectedKt
androidx.compose.material.icons.outlined.CastForEducationKt
androidx.compose.material.icons.outlined.CastKt
androidx.compose.material.icons.outlined.CastleKt
androidx.compose.material.icons.outlined.CatchingPokemonKt
androidx.compose.material.icons.outlined.CategoryKt
androidx.compose.material.icons.outlined.CelebrationKt
androidx.compose.material.icons.outlined.CellTowerKt
androidx.compose.material.icons.outlined.CellWifiKt
androidx.compose.material.icons.outlined.CenterFocusStrongKt
androidx.compose.material.icons.outlined.CenterFocusWeakKt
androidx.compose.material.icons.outlined.ChairAltKt
androidx.compose.material.icons.outlined.ChairKt